2022-05-15 12:26:30	INFO	utils/log.go:48	日志启动成功
2022-05-15 12:26:30	INFO	go-shop/main.go:38	创建iris 实例成功
2022-05-15 12:26:30	INFO	datasource/mysql.go:51	插入表操作正常
2022-05-15 12:29:01	INFO	utils/log.go:48	日志启动成功
2022-05-15 12:29:01	INFO	go-shop/main.go:38	创建iris 实例成功
2022-05-15 12:29:01	INFO	datasource/mysql.go:51	插入表操作正常
2022-05-15 12:29:27	INFO	utils/log.go:48	日志启动成功
2022-05-15 12:29:27	INFO	go-shop/main.go:38	创建iris 实例成功
2022-05-15 12:29:27	INFO	datasource/mysql.go:51	插入表操作正常
2022-05-15 12:31:18	INFO	controllers/product.go:107	开始插入商品
2022-05-15 12:31:18	INFO	dao/product.go:36	成功插入1条数据,数据id为1
2022-05-15 12:31:18	INFO	controllers/product.go:121	插入商品成功	{"Product": {"id":1,"name":"imooc抢购商品","num":2,"img":"/assets/img/shop/item_lg_1.jpg","url":"http://abc.com","time":"2022-05-15T12:31:18.0194516+08:00","del_flag":0}}
2022-05-15 12:35:51	INFO	utils/log.go:48	日志启动成功
2022-05-15 12:35:51	INFO	go-shop/main.go:38	创建iris 实例成功
2022-05-15 12:35:51	INFO	datasource/mysql.go:51	插入表操作正常
2022-05-15 12:38:18	INFO	utils/log.go:48	日志启动成功
2022-05-15 12:38:18	INFO	go-shop/main.go:38	创建iris 实例成功
2022-05-15 12:38:18	INFO	datasource/mysql.go:51	插入表操作正常
2022-05-15 12:39:18	INFO	utils/log.go:48	日志启动成功
2022-05-15 12:39:18	INFO	go-shop/main.go:38	创建iris 实例成功
2022-05-15 12:39:18	INFO	datasource/mysql.go:51	插入表操作正常
