2022-05-15 00:10:02	INFO	controllers/product.go:48	开始查询商品
2022-05-15 00:10:02	INFO	utils/response.go:35	返回jsonData	{"response": {"status":1,"msg":"","data":{}}}
2022-05-15 00:11:29	INFO	utils/log.go:48	日志启动成功
2022-05-15 00:11:29	INFO	go-shop/main.go:38	创建iris 实例成功
2022-05-15 00:11:29	INFO	datasource/mysql.go:51	插入表操作正常
2022-05-15 00:11:43	INFO	controllers/product.go:48	开始查询商品
2022-05-15 00:11:43	INFO	dao/product.go:73	没有查到相关数据	{"product": {"id":0,"name":"","num":0,"image":"","url":"","time":"0001-01-01T00:00:00Z","del_flag":0}}
2022-05-15 00:11:44	INFO	utils/response.go:35	返回jsonData	{"response": {"status":1,"msg":"没有查到相关数据","data":""}}
2022-05-15 00:11:48	INFO	controllers/product.go:48	开始查询商品
2022-05-15 00:11:48	INFO	dao/product.go:73	没有查到相关数据	{"product": {"id":0,"name":"","num":0,"image":"","url":"","time":"0001-01-01T00:00:00Z","del_flag":0}}
2022-05-15 00:11:48	INFO	utils/response.go:35	返回jsonData	{"response": {"status":1,"msg":"没有查到相关数据","data":""}}
2022-05-15 00:13:02	INFO	controllers/product.go:48	开始查询商品
2022-05-15 00:13:02	INFO	utils/response.go:35	返回jsonData	{"response": {"status":0,"msg":"查询成功","data":{"items":{"1":{"id":1,"name":"土豆","num":2,"image":"","url":"","time":"0001-01-01T00:00:00Z","del_flag":0}},"count":1,"info":null}}}
2022-05-15 00:21:11	INFO	utils/log.go:48	日志启动成功
2022-05-15 00:21:11	INFO	go-shop/main.go:38	创建iris 实例成功
2022-05-15 00:21:11	INFO	datasource/mysql.go:51	插入表操作正常
2022-05-15 00:21:17	INFO	controllers/product.go:48	开始查询商品
2022-05-15 00:21:17	INFO	utils/response.go:35	返回jsonData	{"response": {"status":1,"msg":"","data":{}}}
2022-05-15 00:21:42	INFO	controllers/product.go:48	开始查询商品
2022-05-15 00:21:42	INFO	utils/response.go:35	返回jsonData	{"response": {"status":0,"msg":"查询成功","data":{"items":[{"id":1,"name":"土豆","num":2,"image":"","url":"","time":"0001-01-01T00:00:00Z","del_flag":0}],"count":1,"info":null}}}
2022-05-15 00:21:59	INFO	controllers/product.go:48	开始查询商品
2022-05-15 00:21:59	INFO	utils/response.go:35	返回jsonData	{"response": {"status":0,"msg":"查询成功","data":{"items":[{"id":1,"name":"土豆","num":2,"image":"","url":"","time":"0001-01-01T00:00:00Z","del_flag":0}],"count":1,"info":null}}}
